<?xml version="1.0" encoding="UTF-8"?>
<testng-results ignored="0" total="1" passed="1" failed="0" skipped="0">
  <reporter-output>
  </reporter-output>
  <suite started-at="2025-01-15T17:19:01 IST" name="Default suite" finished-at="2025-01-15T17:19:10 IST" duration-ms="8673">
    <groups>
    </groups>
    <test started-at="2025-01-15T17:19:01 IST" name="Default test" finished-at="2025-01-15T17:19:10 IST" duration-ms="8673">
      <class name="TestScript.ManageNewsTest">
        <test-method is-config="true" signature="initializeBrowser()[pri:0, instance:TestScript.ManageNewsTest@62150f9e]" started-at="2025-01-15T17:19:01 IST" name="initializeBrowser" finished-at="2025-01-15T17:19:05 IST" duration-ms="3834" status="PASS">
          <reporter-output>
          </reporter-output>
        </test-method> <!-- initializeBrowser -->
        <test-method signature="verifyTheUserIsAbleToLoginUsingValidCredentials()[pri:0, instance:TestScript.ManageNewsTest@62150f9e]" started-at="2025-01-15T17:19:05 IST" name="verifyTheUserIsAbleToLoginUsingValidCredentials" finished-at="2025-01-15T17:19:09 IST" duration-ms="4422" status="PASS">
          <reporter-output>
          </reporter-output>
        </test-method> <!-- verifyTheUserIsAbleToLoginUsingValidCredentials -->
        <test-method is-config="true" signature="browserQuit(org.testng.ITestResult)[pri:0, instance:TestScript.ManageNewsTest@62150f9e]" started-at="2025-01-15T17:19:09 IST" name="browserQuit" finished-at="2025-01-15T17:19:10 IST" duration-ms="346" status="PASS">
          <params>
            <param index="0">
              <value>
                <![CDATA[[TestResult name=verifyTheUserIsAbleToLoginUsingValidCredentials status=SUCCESS method=ManageNewsTest.verifyTheUserIsAbleToLoginUsingValidCredentials()[pri:0, instance:TestScript.ManageNewsTest@62150f9e] output={null}]]]>
              </value>
            </param>
          </params>
          <reporter-output>
          </reporter-output>
        </test-method> <!-- browserQuit -->
      </class> <!-- TestScript.ManageNewsTest -->
    </test> <!-- Default test -->
  </suite> <!-- Default suite -->
</testng-results>
