<?xml version="1.0" encoding="UTF-8"?>
<testng-results ignored="0" total="1" passed="1" failed="0" skipped="0">
  <reporter-output>
  </reporter-output>
  <suite started-at="2025-01-17T11:09:59 IST" name="Suite" finished-at="2025-01-17T11:10:07 IST" duration-ms="7969">
    <groups>
      <group name="regression">
        <method signature="ManageNewsTest.verifyTheUserIsAbleToAddTheNews()[pri:0, instance:TestScript.ManageNewsTest@3e0e1046]" name="verifyTheUserIsAbleToAddTheNews" class="TestScript.ManageNewsTest"/>
      </group> <!-- regression -->
    </groups>
    <test started-at="2025-01-17T11:09:59 IST" name="Test" finished-at="2025-01-17T11:10:07 IST" duration-ms="7969">
      <class name="TestScript.ManageNewsTest">
        <test-method is-config="true" signature="initializeBrowser(java.lang.String)[pri:0, instance:TestScript.ManageNewsTest@3e0e1046]" started-at="2025-01-17T11:09:59 IST" name="initializeBrowser" finished-at="2025-01-17T11:10:03 IST" duration-ms="3608" status="PASS">
          <params>
            <param index="0">
              <value>
                <![CDATA[chrome]]>
              </value>
            </param>
          </params>
          <reporter-output>
          </reporter-output>
        </test-method> <!-- initializeBrowser -->
        <test-method signature="verifyTheUserIsAbleToAddTheNews()[pri:0, instance:TestScript.ManageNewsTest@3e0e1046]" started-at="2025-01-17T11:10:03 IST" name="verifyTheUserIsAbleToAddTheNews" description="Testcase used to add news" finished-at="2025-01-17T11:10:07 IST" duration-ms="3839" status="PASS">
          <reporter-output>
          </reporter-output>
        </test-method> <!-- verifyTheUserIsAbleToAddTheNews -->
        <test-method is-config="true" signature="browserQuit(org.testng.ITestResult)[pri:0, instance:TestScript.ManageNewsTest@3e0e1046]" started-at="2025-01-17T11:10:07 IST" name="browserQuit" finished-at="2025-01-17T11:10:07 IST" duration-ms="408" status="PASS">
          <params>
            <param index="0">
              <value>
                <![CDATA[[TestResult name=verifyTheUserIsAbleToAddTheNews status=SUCCESS method=ManageNewsTest.verifyTheUserIsAbleToAddTheNews()[pri:0, instance:TestScript.ManageNewsTest@3e0e1046] output={null}]]]>
              </value>
            </param>
          </params>
          <reporter-output>
          </reporter-output>
        </test-method> <!-- browserQuit -->
      </class> <!-- TestScript.ManageNewsTest -->
    </test> <!-- Test -->
  </suite> <!-- Suite -->
</testng-results>
