<?xml version="1.0" encoding="UTF-8"?>
<!-- Generated by org.testng.reporters.JUnitXMLReporter -->
<testsuite ignored="3" hostname="sreedevi" failures="0" tests="1" name="parameter" time="4.069" errors="0" timestamp="2025-01-03T21:29:10 IST">
  <testcase classname="TestScript.LoginTest" name="verifyTheUserIsAbleToLoginWithIncorrectPassword" time="0.567"/>
  <testcase classname="TestScript.LoginTest" name="verifyTheUserIsAbleToLoginWithIncorrectUsernameAndPassword" time="0.0">
    <ignored/>
  </testcase> <!-- verifyTheUserIsAbleToLoginWithIncorrectUsernameAndPassword -->
  <testcase classname="TestScript.LoginTest" name="verifyTheUserIsAbleToLoginUsingValidCredentials" time="0.0">
    <ignored/>
  </testcase> <!-- verifyTheUserIsAbleToLoginUsingValidCredentials -->
  <testcase classname="TestScript.LoginTest" name="verifyTheUserIsAbleToLoginIncorrectUsername" time="0.0">
    <ignored/>
  </testcase> <!-- verifyTheUserIsAbleToLoginIncorrectUsername -->
</testsuite> <!-- parameter -->
