<?xml version="1.0" encoding="UTF-8"?>
<!-- Generated by org.testng.reporters.JUnitXMLReporter -->
<testsuite ignored="3" hostname="sreedevi" failures="0" tests="1" name="chromeTest" time="10.477" errors="0" timestamp="2025-01-08T20:47:45 IST">
  <testcase classname="TestScript.LoginTest" name="verifyTheUserIsAbleToLoginUsingValidCredentials" time="3.94"/>
  <testcase classname="TestScript.LoginTest" name="verifyTheUserIsAbleToLoginWithIncorrectPassword" time="0.0">
    <ignored/>
  </testcase> <!-- verifyTheUserIsAbleToLoginWithIncorrectPassword -->
  <testcase classname="TestScript.LoginTest" name="verifyTheUserIsAbleToLoginWithIncorrectUsernameAndPassword" time="0.0">
    <ignored/>
  </testcase> <!-- verifyTheUserIsAbleToLoginWithIncorrectUsernameAndPassword -->
  <testcase classname="TestScript.LoginTest" name="verifyTheUserIsAbleToLoginIncorrectUsername" time="0.0">
    <ignored/>
  </testcase> <!-- verifyTheUserIsAbleToLoginIncorrectUsername -->
</testsuite> <!-- chromeTest -->
